finished cell chunk 0/168.0
0.007262164124909223
0.014524328249818447
0.02178649237472767
0.029048656499636893
0.03631082062454612
0.04357298474945534
0.050835148874364564
0.05809731299927379
0.06535947712418301
0.07262164124909223
0.07988380537400146
0.08714596949891068
0.0944081336238199
0.10167029774872913
0.10893246187363835
0.11619462599854757
0.12345679012345678
0.13071895424836602
0.13798111837327523
0.14524328249818447
0.15250544662309368
0.15976761074800291
0.16702977487291212
0.17429193899782136
0.18155410312273057
0.1888162672476398
0.19607843137254902
0.20334059549745825
0.21060275962236746
0.2178649237472767
0.2251270878721859
0.23238925199709515
0.23965141612200436
0.24691358024691357
0.2541757443718228
0.26143790849673204
0.26870007262164125
0.27596223674655046
0.28322440087145967
0.29048656499636893
0.29774872912127814
0.30501089324618735
0.31227305737109656
0.31953522149600583
0.32679738562091504
0.33405954974582425
0.34132171387073346
0.3485838779956427
0.35584604212055193
0.36310820624546114
0.37037037037037035
0.3776325344952796
0.3848946986201888
0.39215686274509803
0.39941902687000724
0.4066811909949165
0.4139433551198257
0.4212055192447349
0.42846768336964414
0.4357298474945534
0.4429920116194626
0.4502541757443718
0.45751633986928103
0.4647785039941903
0.4720406681190995
0.4793028322440087
0.4865649963689179
0.49382716049382713
0.5010893246187363
0.5083514887436456
0.5156136528685549
finished cell chunk 1/168.0
0.007156659271452086
0.014313318542904171
0.021469977814356257
0.028626637085808343
0.03578329635726043
0.042939955628712514
0.0500966149001646
0.057253274171616686
0.06440993344306878
0.07156659271452086
0.07872325198597295
0.08587991125742503
0.09303657052887712
0.1001932298003292
0.1073498890717813
0.11450654834323337
0.12166320761468546
0.12881986688613756
0.13597652615758965
0.14313318542904171
0.1502898447004938
0.1574465039719459
0.164603163243398
0.17175982251485006
0.17891648178630215
0.18607314105775424
0.19322980032920634
0.2003864596006584
0.2075431188721105
0.2146997781435626
0.22185643741501468
0.22901309668646674
0.23616975595791884
0.24332641522937093
0.250483074500823
0.2576397337722751
0.2647963930437272
0.2719530523151793
0.27910971158663134
0.28626637085808343
0.2934230301295355
0.3005796894009876
0.3077363486724397
0.3148930079438918
0.3220496672153439
0.329206326486796
0.336362985758248
0.3435196450297001
0.3506763043011522
0.3578329635726043
0.3649896228440564
0.3721462821155085
0.3793029413869606
0.38645960065841267
0.39361625992986476
0.4007729192013168
0.4079295784727689
0.415086237744221
0.4222428970156731
0.4293995562871252
0.43655621555857727
0.44371287483002936
0.45086953410148145
0.4580261933729335
0.4651828526443856
0.4723395119158377
0.47949617118728977
0.48665283045874186
0.49380948973019395
0.500966149001646
0.5081228082730981
0.5152794675445502
finished cell chunk 2/168.0
0.007141326858530315
0.01428265371706063
0.021423980575590945
0.02856530743412126
0.03570663429265158
0.04284796115118189
0.0499892880097122
0.05713061486824252
0.06427194172677284
0.07141326858530316
0.07855459544383346
0.08569592230236378
0.0928372491608941
0.0999785760194244
0.10711990287795473
0.11426122973648505
0.12140255659501535
0.12854388345354567
0.13568521031207598
0.1428265371706063
0.14996786402913662
0.15710919088766692
0.16425051774619726
0.17139184460472756
0.17853317146325787
0.1856744983217882
0.1928158251803185
0.1999571520388488
0.20709847889737915
0.21423980575590945
0.22138113261443976
0.2285224594729701
0.2356637863315004
0.2428051131900307
0.24994644004856104
0.25708776690709134
0.26422909376562165
0.27137042062415195
0.27851174748268226
0.2856530743412126
0.2927944011997429
0.29993572805827323
0.30707705491680354
0.31421838177533384
0.32135970863386415
0.3285010354923945
0.3356423623509248
0.3427836892094551
0.34992501606798543
0.35706634292651573
0.36420766978504604
0.3713489966435764
0.3784903235021067
0.385631650360637
0.3927729772191673
0.3999143040776976
0.40705563093622793
0.4141969577947583
0.4213382846532886
0.4284796115118189
0.4356209383703492
0.4427622652288795
0.4499035920874098
0.4570449189459402
0.4641862458044705
0.4713275726630008
0.4784688995215311
0.4856102263800614
0.4927515532385917
0.49989288009712207
0.5070342069556524
finished cell chunk 3/168.0
0.007183908045977011
0.014367816091954023
0.021551724137931036
0.028735632183908046
0.035919540229885055
0.04310344827586207
0.05028735632183908
0.05747126436781609
0.06465517241379311
0.07183908045977011
0.07902298850574713
0.08620689655172414
0.09339080459770115
0.10057471264367816
0.10775862068965517
0.11494252873563218
0.1221264367816092
0.12931034482758622
0.13649425287356323
0.14367816091954022
0.15086206896551724
0.15804597701149425
0.16522988505747127
0.1724137931034483
0.17959770114942528
0.1867816091954023
0.1939655172413793
0.20114942528735633
0.20833333333333334
0.21551724137931033
0.22270114942528735
0.22988505747126436
0.23706896551724138
0.2442528735632184
0.2514367816091954
0.25862068965517243
0.26580459770114945
0.27298850574712646
0.2801724137931034
0.28735632183908044
0.29454022988505746
0.3017241379310345
0.3089080459770115
0.3160919540229885
0.3232758620689655
0.33045977011494254
0.33764367816091956
0.3448275862068966
0.35201149425287354
0.35919540229885055
0.36637931034482757
0.3735632183908046
0.3807471264367816
0.3879310344827586
0.39511494252873564
0.40229885057471265
0.40948275862068967
0.4166666666666667
0.4238505747126437
0.43103448275862066
0.4382183908045977
0.4454022988505747
0.4525862068965517
0.45977011494252873
0.46695402298850575
0.47413793103448276
0.4813218390804598
0.4885057471264368
0.4956896551724138
0.5028735632183908
0.5100574712643678
finished cell chunk 4/168.0
0.007125044531528322
0.014250089063056644
0.021375133594584966
0.028500178126113287
0.03562522265764161
0.04275026718916993
0.04987531172069826
0.057000356252226575
0.0641254007837549
0.07125044531528323
0.07837548984681154
0.08550053437833986
0.09262557890986818
0.09975062344139651
0.10687566797292483
0.11400071250445315
0.12112575703598147
0.1282508015675098
0.1353758460990381
0.14250089063056645
0.14962593516209477
0.1567509796936231
0.1638760242251514
0.17100106875667972
0.17812611328820804
0.18525115781973636
0.1923762023512647
0.19950124688279303
0.20662629141432134
0.21375133594584966
0.22087638047737798
0.2280014250089063
0.23512646954043462
0.24225151407196294
0.24937655860349128
0.2565016031350196
0.2636266476665479
0.2707516921980762
0.27787673672960456
0.2850017812611329
0.2921268257926612
0.29925187032418954
0.30637691485571783
0.3135019593872462
0.32062700391877447
0.3277520484503028
0.33487709298183116
0.34200213751335945
0.3491271820448878
0.3562522265764161
0.36337727110794443
0.3705023156394727
0.37762736017100107
0.3847524047025294
0.3918774492340577
0.39900249376558605
0.40612753829711434
0.4132525828286427
0.420377627360171
0.4275026718916993
0.4346277164232277
0.44175276095475596
0.4488778054862843
0.4560028500178126
0.46312789454934095
0.47025293908086924
0.4773779836123976
0.4845030281439259
0.4916280726754542
0.49875311720698257
0.5058781617385109
finished cell chunk 5/168.0
0.007140816909454442
0.014281633818908884
0.021422450728363324
0.028563267637817767
0.03570408454727221
0.04284490145672665
0.04998571836618109
0.057126535275635534
0.06426735218508997
0.07140816909454442
0.07854898600399886
0.0856898029134533
0.09283061982290775
0.09997143673236218
0.10711225364181662
0.11425307055127107
0.1213938874607255
0.12853470437017994
0.1356755212796344
0.14281633818908884
0.14995715509854327
0.15709797200799772
0.16423878891745217
0.1713796058269066
0.17852042273636104
0.1856612396458155
0.1928020565552699
0.19994287346472436
0.2070836903741788
0.21422450728363324
0.2213653241930877
0.22850614110254214
0.23564695801199656
0.242787774921451
0.24992859183090546
0.2570694087403599
0.26421022564981433
0.2713510425592688
0.27849185946872324
0.2856326763781777
0.2927734932876321
0.29991431019708653
0.307055127106541
0.31419594401599543
0.3213367609254499
0.32847757783490433
0.33561839474435873
0.3427592116538132
0.34990002856326763
0.3570408454727221
0.36418166238217653
0.371322479291631
0.37846329620108543
0.3856041131105398
0.3927449300199943
0.3998857469294487
0.4070265638389032
0.4141673807483576
0.4213081976578121
0.4284490145672665
0.4355898314767209
0.4427306483861754
0.4498714652956298
0.4570122822050843
0.4641530991145387
0.4712939160239931
0.47843473293344757
0.485575549842902
0.49271636675235647
0.4998571836618109
0.5069980005712653
0.5141388174807198
finished cell chunk 6/168.0
0.007112881428266591
0.014225762856533182
0.02133864428479977
0.028451525713066365
0.03556440714133295
0.04267728856959954
0.04979016999786613
0.05690305142613273
0.06401593285439931
0.0711288142826659
0.0782416957109325
0.08535457713919908
0.09246745856746567
0.09958033999573226
0.10669322142399887
0.11380610285226546
0.12091898428053205
0.12803186570879863
0.13514474713706523
0.1422576285653318
0.1493705099935984
0.156483391421865
0.1635962728501316
0.17070915427839817
0.17782203570666477
0.18493491713493135
0.19204779856319795
0.19916067999146453
0.20627356141973113
0.21338644284799774
0.2204993242762643
0.22761220570453092
0.2347250871327975
0.2418379685610641
0.24895084998933067
0.25606373141759725
0.26317661284586386
0.27028949427413046
0.27740237570239706
0.2845152571306636
0.2916281385589302
0.2987410199871968
0.3058539014154634
0.31296678284373
0.3200796642719966
0.3271925457002632
0.3343054271285298
0.34141830855679633
0.34853118998506294
0.35564407141332954
0.36275695284159615
0.3698698342698627
0.3769827156981293
0.3840955971263959
0.3912084785546625
0.39832135998292906
0.40543424141119566
0.41254712283946227
0.41966000426772887
0.4267728856959955
0.433885767124262
0.4409986485525286
0.44811152998079523
0.45522441140906184
0.4623372928373284
0.469450174265595
0.4765630556938616
0.4836759371221282
0.49078881855039475
0.49790169997866135
0.5050145814069279
finished cell chunk 7/168.0
0.007086669973779321
0.014173339947558643
0.021260009921337964
0.028346679895117285
0.0354333498688966
0.04252001984267593
0.049606689816455246
0.05669335979023457
0.0637800297640139
0.0708666997377932
0.07795336971157253
0.08504003968535186
0.09212670965913117
0.09921337963291049
0.10630004960668982
0.11338671958046914
0.12047338955424845
0.1275600595280278
0.1346467295018071
0.1417333994755864
0.14882006944936574
0.15590673942314506
0.1629934093969244
0.1700800793707037
0.17716674934448304
0.18425341931826233
0.19134008929204166
0.19842675926582098
0.2055134292396003
0.21260009921337963
0.21968676918715896
0.22677343916093828
0.2338601091347176
0.2409467791084969
0.24803344908227623
0.2551201190560556
0.2622067890298349
0.2692934590036142
0.2763801289773935
0.2834667989511728
0.29055346892495215
0.2976401388987315
0.3047268088725108
0.3118134788462901
0.31890014882006945
0.3259868187938488
0.3330734887676281
0.3401601587414074
0.34724682871518675
0.3543334986889661
0.3614201686627454
0.36850683863652467
0.375593508610304
0.3826801785840833
0.38976684855786264
0.39685351853164197
0.4039401885054213
0.4110268584792006
0.41811352845297994
0.42520019842675927
0.4322868684005386
0.4393735383743179
0.44646020834809724
0.45354687832187657
0.4606335482956559
0.4677202182694352
0.4748068882432145
0.4818935582169938
0.48898022819077314
0.49606689816455246
0.5031535681383318
0.5102402381121112
finished cell chunk 8/168.0
0.007082152974504249
0.014164305949008499
0.021246458923512748
0.028328611898016998
0.03541076487252125
0.042492917847025496
0.049575070821529746
0.056657223796033995
0.06373937677053824
0.0708215297450425
0.07790368271954674
0.08498583569405099
0.09206798866855524
0.09915014164305949
0.10623229461756374
0.11331444759206799
0.12039660056657224
0.1274787535410765
0.13456090651558072
0.141643059490085
0.14872521246458922
0.1558073654390935
0.16288951841359772
0.16997167138810199
0.17705382436260622
0.18413597733711048
0.19121813031161472
0.19830028328611898
0.20538243626062322
0.21246458923512748
0.21954674220963172
0.22662889518413598
0.23371104815864022
0.24079320113314448
0.24787535410764872
0.254957507082153
0.26203966005665724
0.26912181303116145
0.2762039660056657
0.28328611898017
0.29036827195467424
0.29745042492917845
0.3045325779036827
0.311614730878187
0.31869688385269124
0.32577903682719545
0.3328611898016997
0.33994334277620397
0.34702549575070823
0.35410764872521244
0.3611898016997167
0.36827195467422097
0.37535410764872523
0.38243626062322944
0.3895184135977337
0.39660056657223797
0.40368271954674223
0.41076487252124644
0.4178470254957507
0.42492917847025496
0.43201133144475923
0.43909348441926344
0.4461756373937677
0.45325779036827196
0.4603399433427762
0.46742209631728043
0.4745042492917847
0.48158640226628896
0.4886685552407932
0.49575070821529743
0.5028328611898017
finished cell chunk 9/168.0
0.007133176403452457
0.014266352806904914
0.02139952921035737
0.028532705613809828
0.035665882017262285
0.04279905842071474
0.0499322348241672
0.057065411227619656
0.06419858763107211
0.07133176403452457
0.07846494043797703
0.08559811684142948
0.09273129324488194
0.0998644696483344
0.10699764605178685
0.11413082245523931
0.12126399885869178
0.12839717526214423
0.13553035166559668
0.14266352806904914
0.1497967044725016
0.15692988087595405
0.1640630572794065
0.17119623368285897
0.17832941008631142
0.18546258648976388
0.19259576289321634
0.1997289392966688
0.20686211570012125
0.2139952921035737
0.22112846850702617
0.22826164491047862
0.23539482131393108
0.24252799771738356
0.24966117412083602
0.25679435052428845
0.2639275269277409
0.27106070333119336
0.2781938797346458
0.2853270561380983
0.29246023254155074
0.2995934089450032
0.30672658534845565
0.3138597617519081
0.32099293815536056
0.328126114558813
0.3352592909622655
0.34239246736571793
0.3495256437691704
0.35665882017262285
0.3637919965760753
0.37092517297952776
0.3780583493829802
0.3851915257864327
0.39232470218988513
0.3994578785933376
0.40659105499679005
0.4137242314002425
0.42085740780369496
0.4279905842071474
0.4351237606105999
0.44225693701405233
0.4493901134175048
0.45652328982095725
0.4636564662244097
0.47078964262786216
0.47792281903131467
0.48505599543476713
0.4921891718382196
0.49932234824167204
0.5064555246451244
0.5135887010485769
finished cell chunk 10/168.0
0.0071571714858288
0.0143143429716576
0.0214715144574864
0.0286286859433152
0.035785857429144
0.0429430289149728
0.050100200400801605
0.0572573718866304
0.06441454337245921
0.071571714858288
0.0787288863441168
0.0858860578299456
0.09304322931577441
0.10020040080160321
0.10735757228743201
0.1145147437732608
0.1216719152590896
0.12882908674491841
0.1359862582307472
0.143143429716576
0.15030060120240482
0.1574577726882336
0.16461494417406242
0.1717721156598912
0.17892928714572
0.18608645863154882
0.1932436301173776
0.20040080160320642
0.2075579730890352
0.21471514457486401
0.22187231606069283
0.2290294875465216
0.23618665903235042
0.2433438305181792
0.250501002004008
0.25765817348983683
0.2648153449756656
0.2719725164614944
0.27912968794732324
0.286286859433152
0.2934440309189808
0.30060120240480964
0.3077583738906384
0.3149155453764672
0.322072716862296
0.32922988834812483
0.3363870598339536
0.3435442313197824
0.35070140280561124
0.35785857429144
0.3650157457772688
0.37217291726309765
0.37933008874892643
0.3864872602347552
0.393644431720584
0.40080160320641284
0.4079587746922416
0.4151159461780704
0.42227311766389924
0.42943028914972803
0.4365874606355568
0.44374463212138565
0.45090180360721444
0.4580589750930432
0.465216146578872
0.47237331806470084
0.4795304895505296
0.4866876610363584
0.49384483252218725
0.501002004008016
0.5081591754938448
0.5153163469796737
0.5224735184655024
finished cell chunk 11/168.0
0.007109847138286527
0.014219694276573054
0.02132954141485958
0.028439388553146108
0.03554923569143263
0.04265908282971916
0.049768929968005686
0.056878777106292217
0.06398862424457874
0.07109847138286526
0.0782083185211518
0.08531816565943832
0.09242801279772485
0.09953785993601137
0.10664770707429791
0.11375755421258443
0.12086740135087096
0.12797724848915748
0.135087095627444
0.14219694276573053
0.14930678990401705
0.1564166370423036
0.16352648418059013
0.17063633131887665
0.17774617845716317
0.1848560255954497
0.19196587273373622
0.19907571987202274
0.20618556701030927
0.21329541414859582
0.22040526128688234
0.22751510842516887
0.2346249555634554
0.2417348027017419
0.24884464984002844
0.25595449697831496
0.2630643441166015
0.270174191254888
0.27728403839317456
0.28439388553146105
0.2915037326697476
0.2986135798080341
0.30572342694632065
0.3128332740846072
0.3199431212228937
0.32705296836118025
0.33416281549946675
0.3412726626377533
0.3483825097760398
0.35549235691432635
0.36260220405261284
0.3697120511908994
0.37682189832918594
0.38393174546747244
0.391041592605759
0.3981514397440455
0.40526128688233204
0.41237113402061853
0.4194809811589051
0.42659082829719164
0.43370067543547813
0.4408105225737647
0.4479203697120512
0.45503021685033773
0.46214006398862423
0.4692499111269108
0.4763597582651973
0.4834696054034838
0.4905794525417704
0.4976892996800569
finished cell chunk 12/168.0
0.007062645667066883
0.014125291334133766
0.02118793700120065
0.02825058266826753
0.035313228335334415
0.0423758740024013
0.04943851966946818
0.05650116533653506
0.06356381100360195
0.07062645667066883
0.07768910233773571
0.0847517480048026
0.09181439367186948
0.09887703933893636
0.10593968500600325
0.11300233067307013
0.12006497634013702
0.1271276220072039
0.13419026767427078
0.14125291334133766
0.14831555900840454
0.15537820467547142
0.1624408503425383
0.1695034960096052
0.1765661416766721
0.18362878734373897
0.19069143301080585
0.19775407867787273
0.2048167243449396
0.2118793700120065
0.21894201567907337
0.22600466134614025
0.23306730701320716
0.24012995268027404
0.24719259834734092
0.2542552440144078
0.2613178896814747
0.26838053534854156
0.27544318101560844
0.2825058266826753
0.2895684723497422
0.2966311180168091
0.30369376368387596
0.31075640935094284
0.3178190550180097
0.3248817006850766
0.33194434635214354
0.3390069920192104
0.3460696376862773
0.3531322833533442
0.36019492902041106
0.36725757468747794
0.3743202203545448
0.3813828660216117
0.3884455116886786
0.39550815735574546
0.40257080302281234
0.4096334486898792
0.4166960943569461
0.423758740024013
0.43082138569107986
0.43788403135814674
0.4449466770252136
0.4520093226922805
0.45907196835934744
0.4661346140264143
0.4731972596934812
0.4802599053605481
0.48732255102761496
0.49438519669468184
0.5014478423617487
0.5085104880288156
finished cell chunk 13/168.0
0.007072135785007072
0.014144271570014143
0.021216407355021217
0.028288543140028287
0.03536067892503536
0.042432814710042434
0.04950495049504951
0.056577086280056574
0.06364922206506365
0.07072135785007072
0.07779349363507779
0.08486562942008487
0.09193776520509193
0.09900990099009901
0.10608203677510608
0.11315417256011315
0.12022630834512023
0.1272984441301273
0.13437057991513437
0.14144271570014144
0.1485148514851485
0.15558698727015557
0.16265912305516267
0.16973125884016974
0.1768033946251768
0.18387553041018387
0.19094766619519093
0.19801980198019803
0.2050919377652051
0.21216407355021216
0.21923620933521923
0.2263083451202263
0.2333804809052334
0.24045261669024046
0.24752475247524752
0.2545968882602546
0.26166902404526166
0.26874115983026875
0.2758132956152758
0.2828854314002829
0.28995756718529
0.297029702970297
0.3041018387553041
0.31117397454031115
0.31824611032531824
0.32531824611032534
0.3323903818953324
0.33946251768033947
0.3465346534653465
0.3536067892503536
0.3606789250353607
0.36775106082036774
0.37482319660537483
0.38189533239038187
0.38896746817538896
0.39603960396039606
0.4031117397454031
0.4101838755304102
0.41725601131541723
0.4243281471004243
0.4314002828854314
0.43847241867043846
0.44554455445544555
0.4526166902404526
0.4596888260254597
0.4667609618104668
0.4738330975954738
0.4809052333804809
0.48797736916548795
0.49504950495049505
0.5021216407355021
0.5091937765205092
finished cell chunk 14/168.0
0.0070756385763815184
0.014151277152763037
0.021226915729144556
0.028302554305526074
0.03537819288190759
0.04245383145828911
0.04952947003467063
0.05660510861105215
0.06368074718743366
0.07075638576381518
0.0778320243401967
0.08490766291657822
0.09198330149295975
0.09905894006934125
0.10613457864572277
0.1132102172221043
0.12028585579848582
0.12736149437486732
0.13443713295124884
0.14151277152763037
0.1485884101040119
0.1556640486803934
0.16273968725677493
0.16981532583315645
0.17689096440953797
0.1839666029859195
0.19104224156230099
0.1981178801386825
0.20519351871506403
0.21226915729144555
0.21934479586782707
0.2264204344442086
0.2334960730205901
0.24057171159697163
0.24764735017335315
0.25472298874973465
0.2617986273261162
0.2688742659024977
0.27594990447887924
0.28302554305526073
0.2901011816316423
0.2971768202080238
0.30425245878440527
0.3113280973607868
0.3184037359371683
0.32547937451354986
0.33255501308993135
0.3396306516663129
0.3467062902426944
0.35378192881907594
0.36085756739545743
0.367933205971839
0.3750088445482205
0.38208448312460197
0.3891601217009835
0.396235760277365
0.40331139885374656
0.41038703743012805
0.4174626760065096
0.4245383145828911
0.43161395315927265
0.43868959173565414
0.4457652303120357
0.4528408688884172
0.4599165074647987
0.4669921460411802
0.4740677846175617
0.48114342319394326
0.48821906177032476
0.4952947003467063
0.5023703389230878
finished cell chunk 15/168.0
0.0070596540769502295
0.014119308153900459
0.02117896223085069
0.028238616307800918
0.03529827038475115
0.04235792446170138
0.049417578538651606
0.056477232615601836
0.06353688669255206
0.0705965407695023
0.07765619484645252
0.08471584892340275
0.09177550300035298
0.09883515707730321
0.10589481115425343
0.11295446523120367
0.1200141193081539
0.12707377338510412
0.13413342746205437
0.1411930815390046
0.1482527356159548
0.15531238969290503
0.16237204376985528
0.1694316978468055
0.17649135192375573
0.18355100600070595
0.1906106600776562
0.19767031415460642
0.20472996823155665
0.21178962230850687
0.21884927638545712
0.22590893046240734
0.23296858453935756
0.2400282386163078
0.24708789269325804
0.25414754677020823
0.2612072008471585
0.26826685492410873
0.27532650900105893
0.2823861630780092
0.28944581715495943
0.2965054712319096
0.3035651253088599
0.31062477938581007
0.3176844334627603
0.32474408753971057
0.33180374161666076
0.338863395693611
0.34592304977056126
0.35298270384751146
0.3600423579244617
0.3671020120014119
0.37416166607836215
0.3812213201553124
0.3882809742322626
0.39534062830921285
0.4024002823861631
0.4094599364631133
0.41651959054006354
0.42357924461701374
0.430638898693964
0.43769855277091424
0.44475820684786443
0.4518178609248147
0.45887751500176494
0.46593716907871513
0.4729968231556654
0.4800564772326156
0.4871161313095658
0.4941757853865161
0.5012354394634663
finished cell chunk 16/168.0
0.007147451933385748
0.014294903866771496
0.021442355800157242
0.028589807733542992
0.03573725966692874
0.042884711600314485
0.050032163533700234
0.057179615467085984
0.06432706740047173
0.07147451933385748
0.07862197126724323
0.08576942320062897
0.09291687513401473
0.10006432706740047
0.10721177900078623
0.11435923093417197
0.12150668286755771
0.12865413480094345
0.1358015867343292
0.14294903866771497
0.1500964906011007
0.15724394253448645
0.1643913944678722
0.17153884640125794
0.1786862983346437
0.18583375026802945
0.1929812022014152
0.20012865413480094
0.2072761060681867
0.21442355800157245
0.22157100993495818
0.22871846186834394
0.2358659138017297
0.24301336573511542
0.2501608176685012
0.2573082696018869
0.2644557215352727
0.2716031734686584
0.27875062540204415
0.28589807733542993
0.29304552926881566
0.3001929812022014
0.3073404331355872
0.3144878850689729
0.32163533700235863
0.3287827889357444
0.33593024086913015
0.3430776928025159
0.35022514473590166
0.3573725966692874
0.3645200486026732
0.3716675005360589
0.37881495246944463
0.3859624044028304
0.39310985633621615
0.4002573082696019
0.40740476020298766
0.4145522121363734
0.4216996640697591
0.4288471160031449
0.43599456793653063
0.44314201986991636
0.45028947180330214
0.4574369237366879
0.4645843756700736
0.4717318276034594
0.4788792795368451
0.48602673147023084
0.49317418340361663
0.5003216353370024
0.5074690872703881
finished cell chunk 17/168.0
0.007140816909454442
0.014281633818908884
0.021422450728363324
0.028563267637817767
0.03570408454727221
0.04284490145672665
0.04998571836618109
0.057126535275635534
0.06426735218508997
0.07140816909454442
0.07854898600399886
0.0856898029134533
0.09283061982290775
0.09997143673236218
0.10711225364181662
0.11425307055127107
0.1213938874607255
0.12853470437017994
0.1356755212796344
0.14281633818908884
0.14995715509854327
0.15709797200799772
0.16423878891745217
0.1713796058269066
0.17852042273636104
0.1856612396458155
0.1928020565552699
0.19994287346472436
0.2070836903741788
0.21422450728363324
0.2213653241930877
0.22850614110254214
0.23564695801199656
0.242787774921451
0.24992859183090546
0.2570694087403599
0.26421022564981433
0.2713510425592688
0.27849185946872324
0.2856326763781777
0.2927734932876321
0.29991431019708653
0.307055127106541
0.31419594401599543
0.3213367609254499
0.32847757783490433
0.33561839474435873
0.3427592116538132
0.34990002856326763
0.3570408454727221
0.36418166238217653
0.371322479291631
0.37846329620108543
0.3856041131105398
0.3927449300199943
0.3998857469294487
0.4070265638389032
0.4141673807483576
0.4213081976578121
0.4284490145672665
0.4355898314767209
0.4427306483861754
0.4498714652956298
0.4570122822050843
0.4641530991145387
0.4712939160239931
0.47843473293344757
0.485575549842902
0.49271636675235647
0.4998571836618109
0.5069980005712653
0.5141388174807198
finished cell chunk 18/168.0
0.007084159818645509
0.014168319637291017
0.021252479455936526
0.028336639274582034
0.03542079909322755
0.04250495891187305
0.049589118730518564
0.05667327854916407
0.06375743836780957
0.0708415981864551
0.0779257580051006
0.0850099178237461
0.09209407764239161
0.09917823746103713
0.10626239727968263
0.11334655709832814
0.12043071691697364
0.12751487673561915
0.13459903655426467
0.1416831963729102
0.14876735619155568
0.1558515160102012
0.1629356758288467
0.1700198356474922
0.17710399546613773
0.18418815528478322
0.19127231510342874
0.19835647492207426
0.20544063474071975
0.21252479455936527
0.21960895437801076
0.22669311419665628
0.2337772740153018
0.24086143383394729
0.2479455936525928
0.2550297534712383
0.2621139132898838
0.26919807310852933
0.27628223292717485
0.2833663927458204
0.29045055256446584
0.29753471238311135
0.3046188722017569
0.3117030320204024
0.3187871918390479
0.3258713516576934
0.3329555114763389
0.3400396712949844
0.34712383111362993
0.35420799093227545
0.3612921507509209
0.36837631056956643
0.37546047038821195
0.38254463020685747
0.389628790025503
0.3967129498441485
0.403797109662794
0.4108812694814395
0.417965429300085
0.42504958911873053
0.43213374893737605
0.4392179087560215
0.44630206857466703
0.45338622839331255
0.46047038821195807
0.4675545480306036
0.47463870784924905
0.48172286766789457
0.4888070274865401
0.4958911873051856
0.5029753471238311
0.5100595069424766
finished cell chunk 19/168.0
0.007068636460026861
0.014137272920053722
0.021205909380080584
0.028274545840107444
0.03534318230013431
0.04241181876016117
0.04948045522018803
0.05654909168021489
0.06361772814024175
0.07068636460026861
0.07775500106029547
0.08482363752032233
0.09189227398034919
0.09896091044037605
0.10602954690040291
0.11309818336042977
0.12016681982045663
0.1272354562804835
0.13430409274051036
0.14137272920053723
0.14844136566056407
0.15551000212059093
0.1625786385806178
0.16964727504064467
0.1767159115006715
0.18378454796069837
0.19085318442072524
0.1979218208807521
0.20499045734077898
0.21205909380080581
0.21912773026083268
0.22619636672085955
0.23326500318088642
0.24033363964091325
0.24740227610094012
0.254470912560967
0.26153954902099386
0.2686081854810207
0.2756768219410476
0.28274545840107446
0.28981409486110127
0.29688273132112813
0.303951367781155
0.31102000424118187
0.31808864070120874
0.3251572771612356
0.33222591362126247
0.33929455008128934
0.3463631865413162
0.353431823001343
0.3605004594613699
0.36756909592139675
0.3746377323814236
0.3817063688414505
0.38877500530147735
0.3958436417615042
0.4029122782215311
0.40998091468155795
0.41704955114158476
0.42411818760161163
0.4311868240616385
0.43825546052166536
0.44532409698169223
0.4523927334417191
0.45946136990174596
0.46653000636177283
0.4735986428217997
0.4806672792818265
0.4877359157418534
0.49480455220188024
0.5018731886619071
0.508941825121934
finished cell chunk 20/168.0
0.007239032865209208
0.014478065730418417
0.021717098595627624
0.028956131460836834
0.03619516432604604
0.04343419719125525
0.05067323005646446
0.05791226292167367
0.06515129578688288
0.07239032865209208
0.0796293615173013
0.0868683943825105
0.0941074272477197
0.10134646011292892
0.10858549297813812
0.11582452584334733
0.12306355870855654
0.13030259157376575
0.13754162443897494
0.14478065730418416
0.15201969016939337
0.1592587230346026
0.16649775589981178
0.173736788765021
0.1809758216302302
0.1882148544954394
0.19545388736064861
0.20269292022585783
0.20993195309106705
0.21717098595627624
0.22441001882148545
0.23164905168669467
0.23888808455190386
0.24612711741711307
0.2533661502823223
0.2606051831475315
0.2678442160127407
0.2750832488779499
0.2823222817431591
0.2895613146083683
0.29680034747357753
0.30403938033878675
0.31127841320399596
0.3185174460692052
0.32575647893441434
0.33299551179962356
0.34023454466483277
0.347473577530042
0.3547126103952512
0.3619516432604604
0.36919067612566964
0.3764297089908788
0.383668741856088
0.39090777472129723
0.39814680758650645
0.40538584045171566
0.4126248733169249
0.4198639061821341
0.42710293904734326
0.43434197191255247
0.4415810047777617
0.4488200376429709
0.4560590705081801
0.46329810337338934
0.4705371362385985
0.4777761691038077
0.48501520196901693
0.49225423483422615
0.49949326769943536
0.5067323005646446
0.5139713334298538
finished cell chunk 21/168.0
0.007178235589692054
0.014356471179384107
0.02153470676907616
0.028712942358768215
0.03589117794846027
0.04306941353815232
0.05024764912784438
0.05742588471753643
0.06460412030722848
0.07178235589692054
0.0789605914866126
0.08613882707630464
0.0933170626659967
0.10049529825568876
0.10767353384538081
0.11485176943507286
0.12203000502476491
0.12920824061445696
0.136386476204149
0.1435647117938411
0.15074294738353314
0.1579211829732252
0.16509941856291724
0.1722776541526093
0.17945588974230134
0.1866341253319934
0.19381236092168544
0.20099059651137752
0.20816883210106957
0.21534706769076162
0.22252530328045367
0.22970353887014572
0.23688177445983777
0.24406001004952982
0.25123824563922187
0.2584164812289139
0.26559471681860597
0.272772952408298
0.27995118799799007
0.2871294235876822
0.2943076591773742
0.3014858947670663
0.3086641303567583
0.3158423659464504
0.3230206015361424
0.3301988371258345
0.3373770727155265
0.3445553083052186
0.3517335438949106
0.3589117794846027
0.36609001507429473
0.3732682506639868
0.38044648625367883
0.3876247218433709
0.39480295743306293
0.40198119302275503
0.4091594286124471
0.41633766420213913
0.4235158997918312
0.43069413538152324
0.4378723709712153
0.44505060656090734
0.4522288421505994
0.45940707774029144
0.4665853133299835
0.47376354891967554
0.4809417845093676
0.48812002009905964
0.4952982556887517
0.5024764912784437
0.5096547268681358
finished cell chunk 22/168.0
0.007148984844152131
0.014297969688304261
0.021446954532456392
0.028595939376608523
0.03574492422076065
0.042893909064912784
0.05004289390906491
0.057191878753217046
0.06434086359736918
0.0714898484415213
0.07863883328567343
0.08578781812982557
0.09293680297397769
0.10008578781812982
0.10723477266228196
0.11438375750643409
0.12153274235058621
0.12868172719473836
0.13583071203889047
0.1429796968830426
0.15012868172719473
0.15727766657134687
0.164426651415499
0.17157563625965114
0.17872462110380327
0.18587360594795538
0.1930225907921075
0.20017157563625965
0.20732056048041178
0.21446954532456391
0.22161853016871605
0.22876751501286818
0.2359164998570203
0.24306548470117242
0.25021446954532456
0.2573634543894767
0.2645124392336288
0.27166142407778093
0.2788104089219331
0.2859593937660852
0.29310837861023736
0.30025736345438947
0.30740634829854163
0.31455533314269374
0.32170431798684584
0.328853302830998
0.3360022876751501
0.3431512725193023
0.3503002573634544
0.35744924220760654
0.36459822705175865
0.37174721189591076
0.3788961967400629
0.386045181584215
0.3931941664283672
0.4003431512725193
0.40749213611667146
0.41464112096082356
0.42179010580497567
0.42893909064912783
0.43608807549327994
0.4432370603374321
0.4503860451815842
0.45753503002573637
